<?xml version="1.0" encoding="UTF-8"?>
<!-- Generated by org.testng.reporters.JUnitReportReporter -->
<testsuite skipped="0" hostname="DESKTOP-R7M7O04" name="FirstTestNg.NewTest" tests="1" failures="0" timestamp="08 Mar 2021 09:01:55 GMT" time="0.008" errors="0">
  <testcase name="test" time="0.008" classname="FirstTestNg.NewTest"/>
</testsuite> <!-- FirstTestNg.NewTest -->
