<?xml version="1.0" encoding="UTF-8"?>
<!-- Generated by org.testng.reporters.JUnitReportReporter -->
<testsuite skipped="0" hostname="DESKTOP-R7M7O04" name="FirstTestNg.assertion" tests="1" failures="0" timestamp="08 Mar 2021 08:42:18 GMT" time="0.016" errors="0">
  <testcase name="checkEquals" time="0.016" classname="FirstTestNg.assertion"/>
</testsuite> <!-- FirstTestNg.assertion -->
