<?xml version="1.0" encoding="UTF-8"?>
<!-- Generated by org.testng.reporters.JUnitReportReporter -->
<testsuite skipped="0" hostname="DESKTOP-R7M7O04" name="FirstTestNg.testsuite" tests="3" failures="0" timestamp="08 Mar 2021 04:48:41 GMT" time="23.140" errors="0">
  <testcase name="openamazon" time="15.931" classname="FirstTestNg.testsuite"/>
  <testcase name="openflipkart" time="4.746" classname="FirstTestNg.testsuite"/>
  <testcase name="opengoogle" time="2.463" classname="FirstTestNg.testsuite"/>
</testsuite> <!-- FirstTestNg.testsuite -->
