<?xml version="1.0" encoding="UTF-8"?>
<!-- Generated by org.testng.reporters.JUnitReportReporter -->
<testsuite skipped="0" hostname="DESKTOP-R7M7O04" name="FirstTestNg.DependanciesManagement" tests="3" failures="0" timestamp="08 Mar 2021 04:48:41 GMT" time="0.014" errors="0">
  <testcase name="Turnonignition" time="0.011" classname="FirstTestNg.DependanciesManagement"/>
  <testcase name="Putfirstgear" time="0.003" classname="FirstTestNg.DependanciesManagement"/>
  <testcase name="Legonclutch" time="0.000" classname="FirstTestNg.DependanciesManagement"/>
</testsuite> <!-- FirstTestNg.DependanciesManagement -->
