<?xml version="1.0" encoding="UTF-8"?>
<!-- Generated by org.testng.reporters.JUnitReportReporter -->
<testsuite skipped="0" hostname="DESKTOP-R7M7O04" name="FirstTestNg.Grouping" tests="4" failures="0" timestamp="08 Mar 2021 05:32:27 GMT" time="0.039" errors="0">
  <testcase name="Moto1" time="0.021" classname="FirstTestNg.Grouping"/>
  <testcase name="Oneplus1" time="0.004" classname="FirstTestNg.Grouping"/>
  <testcase name="Oneplus2" time="0.007" classname="FirstTestNg.Grouping"/>
  <testcase name="Moto2" time="0.007" classname="FirstTestNg.Grouping"/>
</testsuite> <!-- FirstTestNg.Grouping -->
