<?xml version="1.0" encoding="UTF-8"?>
<!-- Generated by org.testng.reporters.JUnitReportReporter -->
<testsuite skipped="0" hostname="DESKTOP-R7M7O04" name="FirstTestNg.paralleltesting" tests="2" failures="0" timestamp="08 Mar 2021 06:42:25 GMT" time="27.391" errors="0">
  <testcase name="openGoogle" time="9.852" classname="FirstTestNg.paralleltesting"/>
  <testcase name="openyahoo" time="17.539" classname="FirstTestNg.paralleltesting"/>
</testsuite> <!-- FirstTestNg.paralleltesting -->
