<?xml version="1.0" encoding="UTF-8"?>
<!-- Generated by org.testng.reporters.JUnitReportReporter -->
<testsuite skipped="0" hostname="DESKTOP-R7M7O04" name="FirstTestNg.parameterization" tests="1" failures="0" timestamp="08 Mar 2021 06:01:08 GMT" time="0.019" errors="0">
  <testcase name="inputname" time="0.019" classname="FirstTestNg.parameterization"/>
</testsuite> <!-- FirstTestNg.parameterization -->
